Start testing: Dec 02 19:29 CET
----------------------------------------------------------
1/1 Testing: boostUnitTestsRun
1/1 Test: boostUnitTestsRun
Command: "/home/jaro/Desktop/Mapy/Release/tests/aisdiMapsTests"
Directory: /home/jaro/Desktop/Mapy/Release/tests
"boostUnitTestsRun" start time: Dec 02 19:29 CET
Output:
----------------------------------------------------------
Running 294 test cases...

*** No errors detected
<end of output>
Test time =   0.04 sec
----------------------------------------------------------
Test Passed.
"boostUnitTestsRun" end time: Dec 02 19:29 CET
"boostUnitTestsRun" time elapsed: 00:00:00
----------------------------------------------------------

End testing: Dec 02 19:29 CET
